Determining if the pthread_create exist failed with the following output:
Change Dir: /home/sunshine/workspace/kinect_dk/Azure-Kinect-Sensor-SDK/build/CMakeFiles/CMakeTmp

Run Build Command:"/usr/bin/ninja" "cmTC_07de0"
[1/2] Building C object CMakeFiles/cmTC_07de0.dir/CheckSymbolExists.c.o
[2/2] Linking C executable cmTC_07de0
FAILED: cmTC_07de0 
: && /usr/bin/cc   -rdynamic CMakeFiles/cmTC_07de0.dir/CheckSymbolExists.c.o  -o cmTC_07de0   && :
CMakeFiles/cmTC_07de0.dir/CheckSymbolExists.c.o: In function `main':
CheckSymbolExists.c:(.text+0x1b): undefined reference to `pthread_create'
collect2: error: ld returned 1 exit status
ninja: build stopped: subcommand failed.

File /home/sunshine/workspace/kinect_dk/Azure-Kinect-Sensor-SDK/build/CMakeFiles/CMakeTmp/CheckSymbolExists.c:
/* */
#include <pthread.h>

int main(int argc, char** argv)
{
  (void)argv;
#ifndef pthread_create
  return ((int*)(&pthread_create))[argc];
#else
  (void)argc;
  return 0;
#endif
}

Determining if the function pthread_create exists in the pthreads failed with the following output:
Change Dir: /home/sunshine/workspace/kinect_dk/Azure-Kinect-Sensor-SDK/build/CMakeFiles/CMakeTmp

Run Build Command:"/usr/bin/ninja" "cmTC_c4486"
[1/2] Building C object CMakeFiles/cmTC_c4486.dir/CheckFunctionExists.c.o
[2/2] Linking C executable cmTC_c4486
FAILED: cmTC_c4486 
: && /usr/bin/cc -DCHECK_FUNCTION_EXISTS=pthread_create  -rdynamic CMakeFiles/cmTC_c4486.dir/CheckFunctionExists.c.o  -o cmTC_c4486  -lpthreads && :
/usr/bin/ld: cannot find -lpthreads
collect2: error: ld returned 1 exit status
ninja: build stopped: subcommand failed.


Looking for a ASM_NASM compiler failed with the following output:
-- The ASM_NASM compiler identification is unknown
-- Didn't find assembler
CMake Error at CMakeLists.txt:2 (project):
  No CMAKE_ASM_NASM_COMPILER could be found.

  Tell CMake where to find the compiler by setting either the environment
  variable "ASM_NASM" or the CMake cache entry CMAKE_ASM_NASM_COMPILER to the
  full path to the compiler, or to the compiler name if it is in the PATH.


-- Configuring incomplete, errors occurred!
See also "/home/sunshine/workspace/kinect_dk/Azure-Kinect-Sensor-SDK/build/extern/libjpeg-turbo/CMakeFiles/CheckASM_NASM/CMakeFiles/CMakeOutput.log".
See also "/home/sunshine/workspace/kinect_dk/Azure-Kinect-Sensor-SDK/build/extern/libjpeg-turbo/CMakeFiles/CheckASM_NASM/CMakeFiles/CMakeError.log".

Performing C SOURCE FILE Test RIGHT_SHIFT_IS_UNSIGNED failed with the following output:
Change Dir: /home/sunshine/workspace/kinect_dk/Azure-Kinect-Sensor-SDK/build/CMakeFiles/CMakeTmp

Run Build Command:"/usr/bin/ninja" "cmTC_a8eb9"
[1/2] Building C object CMakeFiles/cmTC_a8eb9.dir/src.c.o
[2/2] Linking C executable cmTC_a8eb9

Return value: 1
Source file was:

      #include <stdio.h>
      #include <stdlib.h>
      int is_shifting_signed (long arg) {
        long res = arg >> 4;
        if (res == -0x7F7E80CL)
          return 1; /* right shift is signed */
        /* see if unsigned-shift hack will fix it. */
        /* we can't just test exact value since it depends on width of long... */
        res |= (~0L) << (32-4);
        if (res == -0x7F7E80CL)
          return 0; /* right shift is unsigned */
        printf("Right shift isn't acting as I expect it to.\n");
        printf("I fear the JPEG software will not work at all.\n\n");
        return 0; /* try it with unsigned anyway */
      }
      int main (void) {
        exit(is_shifting_signed(-0x7F7E80B1L));
      }
Performing C SOURCE FILE Test __CHAR_UNSIGNED__ failed with the following output:
Change Dir: /home/sunshine/workspace/kinect_dk/Azure-Kinect-Sensor-SDK/build/CMakeFiles/CMakeTmp

Run Build Command:"/usr/bin/ninja" "cmTC_5ceaa"
[1/2] Building C object CMakeFiles/cmTC_5ceaa.dir/src.c.o
[2/2] Linking C executable cmTC_5ceaa

Return value: 1
Source file was:
int main(void) { return ((char) -1 < 0); }
